


**************************************************************************
* IOSv is strictly limited to use for evaluation, demonstration and IOS  *
* education. IOSv is provided as-is and is not supported by Cisco's      *
* Technical Advisory Center. Any use or disclosure, in whole or in part, *
* of the IOSv Software or Documentation to any third party for any       *
* purposes is expressly prohibited except as otherwise authorized by     *
* Cisco in writing.                                                      *
**************************************************************************
vIOS1>
vIOS1>terminal width 511
vIOS1>terminal length 0
vIOS1>
vIOS1>
vIOS1>enable
Password: 
vIOS1#
vIOS1#
vIOS1#sh ip int br
Interface                  IP-Address      OK? Method Status                Protocol
GigabitEthernet0/0         192.168.100.1   YES manual up                    up      
GigabitEthernet0/1         unassigned      YES unset  administratively down down    
GigabitEthernet0/2         unassigned      YES unset  administratively down down    
GigabitEthernet0/3         unassigned      YES unset  administratively down down    
vIOS1#
vIOS1#exit
